<?xml version="1.0" encoding="UTF-8"?>
<!-- Generated by org.testng.reporters.JUnitReportReporter -->
<testsuite hostname="DESKTOP-2SH2LKO" failures="0" tests="1" name="com.automation.LoginTest" time="13.230" errors="0" timestamp="2024-03-08T21:53:18 EST" skipped="0">
  <testcase classname="com.automation.LoginTest" name="loginTest" time="13.230"/>
</testsuite> <!-- com.automation.LoginTest -->
